<?xml version="1.0" encoding="UTF-8"?>
<coverage generated="1775691293295" clover="3.2.0">
  <project timestamp="1775691293295" name="All files">
    <metrics statements="4" coveredstatements="4" conditionals="0" coveredconditionals="0" methods="4" coveredmethods="2" elements="8" coveredelements="6" complexity="0" loc="4" ncloc="4" packages="1" files="1" classes="1"/>
    <file name="simple-reporter.ts" path="C:\Users\katleen.139623\Documents\testes_integracao\integration-tests-jest\simple-reporter.ts">
      <metrics statements="4" coveredstatements="4" conditionals="0" coveredconditionals="0" methods="4" coveredmethods="2"/>
      <line num="2" count="8" type="stmt"/>
      <line num="5" count="8" type="stmt"/>
      <line num="9" count="69" type="stmt"/>
      <line num="10" count="69" type="stmt"/>
    </file>
  </project>
</coverage>
